<?xml version="1.0" encoding="UTF-8"?>
<!-- Generated by org.testng.reporters.JUnitReportReporter -->
<testsuite hostname="DESKTOP-MDSOB4A" failures="0" tests="1" name="testcases.TC3test" time="0.004" errors="0" timestamp="2023-01-04T12:02:59 IST" skipped="0">
  <testcase classname="testcases.TC3test" name="m3" time="0.004"/>
  <system-out>
    <![CDATA[TC3 running]]>
  </system-out>
</testsuite> <!-- testcases.TC3test -->
